<?xml version="1.0" encoding="UTF-8"?>
<robot generator="Robot 3.1.1 (Python 3.6.0 on win32)" generated="20190624 11:28:44.151" rpa="false">
<suite id="s1" name="Web" source="E:\pycharmgroject\web">
<suite id="s1-s1" name="Dl 空白数据" source="E:\pycharmgroject\web\dl_空白数据">
<kw name="Run Keywords" library="BuiltIn" type="setup">
<doc>Executes all the given keywords in a sequence.</doc>
<arguments>
<arg>delete_allclass</arg>
<arg>AND</arg>
<arg>delete_allteacher</arg>
</arguments>
<kw name="Delete Allclass" library="pylib.Courselib">
<msg timestamp="20190624 11:28:44.431" level="INFO">{'gradeid': None, 'retcode': 0, 'retlist': []}
{'gradeid': None, 'retcode': 0, 'retlist': []}
{'gradeid': None, 'retcode': 0, 'retlist': []}
{'gradeid': None, 'retcode': 0, 'retlist': []}</msg>
<status status="PASS" starttime="20190624 11:28:44.263" endtime="20190624 11:28:44.431"></status>
</kw>
<kw name="Delete Allteacher" library="pylib.Teacherlib">
<msg timestamp="20190624 11:28:44.632" level="INFO">{'retcode': 0, 'retlist': []}
{'retcode': 0, 'retlist': []}
{'retcode': 0, 'retlist': []}
{'retcode': 0, 'retlist': []}</msg>
<status status="PASS" starttime="20190624 11:28:44.432" endtime="20190624 11:28:44.632"></status>
</kw>
<status status="PASS" starttime="20190624 11:28:44.263" endtime="20190624 11:28:44.632"></status>
</kw>
<suite id="s1-s1-s1" name="Dl 实验2班" source="E:\pycharmgroject\web\dl_空白数据\dl_实验2班">
<kw name="Addclass" library="pylib.Courselib" type="setup">
<arguments>
<arg>1</arg>
<arg>实验2班</arg>
<arg>55</arg>
</arguments>
<msg timestamp="20190624 11:28:44.742" level="INFO">{'id': 156020, 'invitecode': '1560205955370', 'retcode': 0}</msg>
<status status="PASS" starttime="20190624 11:28:44.638" endtime="20190624 11:28:44.743"></status>
</kw>
<suite id="s1-s1-s1-s1" name="Dl 毕老师" source="E:\pycharmgroject\web\dl_空白数据\dl_实验2班\dl_毕老师">
<kw name="addppp" type="setup">
<kw name="Listclass" library="pylib.Courselib">
<arguments>
<arg>1</arg>
</arguments>
<assign>
<var>${pt01}</var>
</assign>
<msg timestamp="20190624 11:28:44.835" level="INFO">{ 'gradeid': 1,
  'retcode': 0,
  'retlist': [ { 'grade__name': '七年级',
                 'id': 156020,
                 'invitecode': '1560205955370',
                 'name': '实验2班',
                 'studentlimit': 55,
                 'studentnumber': 0,
                 'teacherlist': []}]}</msg>
<msg timestamp="20190624 11:28:44.835" level="INFO">${pt01} = {'gradeid': 1, 'retlist': [{'name': '实验2班', 'grade__name': '七年级', 'invitecode': '1560205955370', 'studentlimit': 55, 'studentnumber': 0, 'id': 156020, 'teacherlist': []}], 'retcode': 0}</msg>
<status status="PASS" starttime="20190624 11:28:44.750" endtime="20190624 11:28:44.835"></status>
</kw>
<kw name="Evaluate" library="BuiltIn">
<doc>Evaluates the given expression in Python and returns the results.</doc>
<arguments>
<arg>$pt01['retlist'][0]</arg>
</arguments>
<assign>
<var>${pt02}</var>
</assign>
<msg timestamp="20190624 11:28:44.840" level="INFO">${pt02} = {'name': '实验2班', 'grade__name': '七年级', 'invitecode': '1560205955370', 'studentlimit': 55, 'studentnumber': 0, 'id': 156020, 'teacherlist': []}</msg>
<status status="PASS" starttime="20190624 11:28:44.835" endtime="20190624 11:28:44.840"></status>
</kw>
<kw name="Evaluate" library="BuiltIn">
<doc>Evaluates the given expression in Python and returns the results.</doc>
<arguments>
<arg>$pt02['id']</arg>
</arguments>
<assign>
<var>${suite_math_teacher_id}</var>
</assign>
<msg timestamp="20190624 11:28:44.840" level="INFO">${suite_math_teacher_id} = 156020</msg>
<status status="PASS" starttime="20190624 11:28:44.840" endtime="20190624 11:28:44.840"></status>
</kw>
<kw name="Listteacher" library="pylib.Teacherlib">
<msg timestamp="20190624 11:28:44.935" level="INFO">{'retcode': 0, 'retlist': []}</msg>
<status status="PASS" starttime="20190624 11:28:44.840" endtime="20190624 11:28:44.935"></status>
</kw>
<kw name="Addteacher" library="pylib.Teacherlib">
<arguments>
<arg>ppp</arg>
<arg>毕老师</arg>
<arg>${g_subject_math_id}</arg>
<arg>${suite_math_teacher_id}</arg>
<arg>18302045312</arg>
<arg>323333@qq.com</arg>
<arg>540522221536511585</arg>
</arguments>
<assign>
<var>${add1}</var>
</assign>
<msg timestamp="20190624 11:28:45.066" level="INFO">{'id': 41866, 'retcode': 0}</msg>
<msg timestamp="20190624 11:28:45.066" level="INFO">${add1} = {'retcode': 0, 'id': 41866}</msg>
<status status="PASS" starttime="20190624 11:28:44.936" endtime="20190624 11:28:45.066"></status>
</kw>
<status status="PASS" starttime="20190624 11:28:44.750" endtime="20190624 11:28:45.067"></status>
</kw>
<suite id="s1-s1-s1-s1-s1" name="老师管理" source="E:\pycharmgroject\web\dl_空白数据\dl_实验2班\dl_毕老师\老师管理.robot">
<test id="s1-s1-s1-s1-s1-t1" name="添加老师2_tc001002">
<kw name="Listclass" library="pylib.Courselib">
<arguments>
<arg>1</arg>
</arguments>
<assign>
<var>${pt00}</var>
</assign>
<msg timestamp="20190624 11:28:45.154" level="INFO">{ 'gradeid': 1,
  'retcode': 0,
  'retlist': [ { 'grade__name': '七年级',
                 'id': 156020,
                 'invitecode': '1560205955370',
                 'name': '实验2班',
                 'studentlimit': 55,
                 'studentnumber': 0,
                 'teacherlist': [ { 'subject__name': '初中数学',
                                    'subject_id': 1,
                                    'teacher__realname': '毕老师',
                                    'teacher__user_id': 60707}]}]}</msg>
<msg timestamp="20190624 11:28:45.155" level="INFO">${pt00} = {'gradeid': 1, 'retlist': [{'name': '实验2班', 'grade__name': '七年级', 'invitecode': '1560205955370', 'studentlimit': 55, 'studentnumber': 0, 'id': 156020, 'teacherlist': [{'teacher__realname': '毕老师', 'sub...</msg>
<status status="PASS" starttime="20190624 11:28:45.073" endtime="20190624 11:28:45.155"></status>
</kw>
<kw name="Evaluate" library="BuiltIn">
<doc>Evaluates the given expression in Python and returns the results.</doc>
<arguments>
<arg>$pt00['retlist'][0]</arg>
</arguments>
<assign>
<var>${pt001}</var>
</assign>
<msg timestamp="20190624 11:28:45.159" level="INFO">${pt001} = {'name': '实验2班', 'grade__name': '七年级', 'invitecode': '1560205955370', 'studentlimit': 55, 'studentnumber': 0, 'id': 156020, 'teacherlist': [{'teacher__realname': '毕老师', 'subject_id': 1, 'subject__name...</msg>
<status status="PASS" starttime="20190624 11:28:45.158" endtime="20190624 11:28:45.159"></status>
</kw>
<kw name="Evaluate" library="BuiltIn">
<doc>Evaluates the given expression in Python and returns the results.</doc>
<arguments>
<arg>$pt001['id']</arg>
</arguments>
<assign>
<var>${pt002}</var>
</assign>
<msg timestamp="20190624 11:28:45.160" level="INFO">${pt002} = 156020</msg>
<status status="PASS" starttime="20190624 11:28:45.160" endtime="20190624 11:28:45.160"></status>
</kw>
<kw name="Addclass" library="pylib.Courselib">
<arguments>
<arg>1</arg>
<arg>实验8班</arg>
<arg>88</arg>
</arguments>
<assign>
<var>${pt003}</var>
</assign>
<msg timestamp="20190624 11:28:45.252" level="INFO">{'id': 156021, 'invitecode': '1560215091567', 'retcode': 0}</msg>
<msg timestamp="20190624 11:28:45.252" level="INFO">${pt003} = {'invitecode': '1560215091567', 'retcode': 0, 'id': 156021}</msg>
<status status="PASS" starttime="20190624 11:28:45.160" endtime="20190624 11:28:45.252"></status>
</kw>
<kw name="Should Be True" library="BuiltIn">
<doc>Fails if the given condition is not true.</doc>
<arguments>
<arg>$pt003['retcode']==0</arg>
</arguments>
<status status="PASS" starttime="20190624 11:28:45.253" endtime="20190624 11:28:45.253"></status>
</kw>
<kw name="Addteacher" library="pylib.Teacherlib">
<arguments>
<arg>bijp2</arg>
<arg>毕杰萍1</arg>
<arg>1</arg>
<arg>&amp;{pt003}[id]</arg>
<arg>18711049401</arg>
<arg>3213333@qq.com</arg>
<arg>540522221536511586</arg>
</arguments>
<assign>
<var>${addte01}</var>
</assign>
<msg timestamp="20190624 11:28:45.380" level="INFO">{'id': 41867, 'retcode': 0}</msg>
<msg timestamp="20190624 11:28:45.380" level="INFO">${addte01} = {'retcode': 0, 'id': 41867}</msg>
<status status="PASS" starttime="20190624 11:28:45.254" endtime="20190624 11:28:45.380"></status>
</kw>
<kw name="Log To Console" library="BuiltIn">
<doc>Logs the given message to the console.</doc>
<arguments>
<arg>${addte01}</arg>
</arguments>
<status status="PASS" starttime="20190624 11:28:45.381" endtime="20190624 11:28:45.381"></status>
</kw>
<kw name="Should Be True" library="BuiltIn">
<doc>Fails if the given condition is not true.</doc>
<arguments>
<arg>$addte01['retcode']==0</arg>
</arguments>
<status status="PASS" starttime="20190624 11:28:45.382" endtime="20190624 11:28:45.382"></status>
</kw>
<kw name="Listteacher" library="pylib.Teacherlib">
<assign>
<var>${listea00}</var>
</assign>
<msg timestamp="20190624 11:28:45.460" level="INFO">{ 'retcode': 0,
  'retlist': [ { 'email': '323333@qq.com',
                 'id': 41866,
                 'idcardnumber': '540522221536511585',
                 'phonenumber': '18302045312',
                 'realname': '毕老师',
                 'teachclasslist': [156020],
                 'username': 'ppp'},
               { 'email': '3213333@qq.com',
                 'id': 41867,
                 'idcardnumber': '540522221536511586',
                 'phonenumber': '18711049401',
                 'realname': '毕杰萍1',
                 'teachclasslist': [156021],
                 'username': 'bijp2'}]}</msg>
<msg timestamp="20190624 11:28:45.460" level="INFO">${listea00} = {'retlist': [{'username': 'ppp', 'teachclasslist': [156020], 'realname': '毕老师', 'id': 41866, 'phonenumber': '18302045312', 'email': '323333@qq.com', 'idcardnumber': '540522221536511585'}, {'username':...</msg>
<status status="PASS" starttime="20190624 11:28:45.383" endtime="20190624 11:28:45.460"></status>
</kw>
<kw name="Log To Console" library="BuiltIn">
<doc>Logs the given message to the console.</doc>
<arguments>
<arg>${listea00}</arg>
</arguments>
<status status="PASS" starttime="20190624 11:28:45.461" endtime="20190624 11:28:45.461"></status>
</kw>
<kw name="Evaluate" library="BuiltIn">
<doc>Evaluates the given expression in Python and returns the results.</doc>
<arguments>
<arg>$listea00['retlist'][1]</arg>
</arguments>
<assign>
<var>${tes01}</var>
</assign>
<msg timestamp="20190624 11:28:45.462" level="INFO">${tes01} = {'username': 'bijp2', 'teachclasslist': [156021], 'realname': '毕杰萍1', 'id': 41867, 'phonenumber': '18711049401', 'email': '3213333@qq.com', 'idcardnumber': '540522221536511586'}</msg>
<status status="PASS" starttime="20190624 11:28:45.462" endtime="20190624 11:28:45.462"></status>
</kw>
<kw name="Log To Console" library="BuiltIn">
<doc>Logs the given message to the console.</doc>
<arguments>
<arg>${tes01}</arg>
</arguments>
<status status="PASS" starttime="20190624 11:28:45.463" endtime="20190624 11:28:45.464"></status>
</kw>
<kw name="Evaluate" library="BuiltIn">
<doc>Evaluates the given expression in Python and returns the results.</doc>
<arguments>
<arg>$tes01['id']</arg>
</arguments>
<assign>
<var>${tes001}</var>
</assign>
<msg timestamp="20190624 11:28:45.465" level="INFO">${tes001} = 41867</msg>
<status status="PASS" starttime="20190624 11:28:45.465" endtime="20190624 11:28:45.466"></status>
</kw>
<kw name="Should Be True" library="BuiltIn">
<doc>Fails if the given condition is not true.</doc>
<arguments>
<arg>${tes001}==$addte01['id']</arg>
</arguments>
<status status="PASS" starttime="20190624 11:28:45.466" endtime="20190624 11:28:45.466"></status>
</kw>
<kw name="Deleterteacher" library="pylib.Teacherlib">
<arguments>
<arg>${tes001}</arg>
</arguments>
<msg timestamp="20190624 11:28:45.594" level="INFO">{'retcode': 0}</msg>
<status status="PASS" starttime="20190624 11:28:45.467" endtime="20190624 11:28:45.594"></status>
</kw>
<kw name="Deleterclass" library="pylib.Courselib">
<arguments>
<arg>&amp;{pt003}[id]</arg>
</arguments>
<msg timestamp="20190624 11:28:45.667" level="INFO">{'retcode': 0}</msg>
<status status="PASS" starttime="20190624 11:28:45.594" endtime="20190624 11:28:45.668"></status>
</kw>
<status status="PASS" starttime="20190624 11:28:45.072" endtime="20190624 11:28:45.668" critical="yes"></status>
</test>
<status status="PASS" starttime="20190624 11:28:45.067" endtime="20190624 11:28:45.670"></status>
</suite>
<kw name="deleterppp" type="teardown">
<kw name="Listteacher" library="pylib.Teacherlib">
<assign>
<var>${listea01}</var>
</assign>
<msg timestamp="20190624 11:28:45.763" level="INFO">{ 'retcode': 0,
  'retlist': [ { 'email': '323333@qq.com',
                 'id': 41866,
                 'idcardnumber': '540522221536511585',
                 'phonenumber': '18302045312',
                 'realname': '毕老师',
                 'teachclasslist': [156020],
                 'username': 'ppp'}]}</msg>
<msg timestamp="20190624 11:28:45.764" level="INFO">${listea01} = {'retlist': [{'username': 'ppp', 'teachclasslist': [156020], 'realname': '毕老师', 'id': 41866, 'phonenumber': '18302045312', 'email': '323333@qq.com', 'idcardnumber': '540522221536511585'}], 'retcode': ...</msg>
<status status="PASS" starttime="20190624 11:28:45.675" endtime="20190624 11:28:45.764"></status>
</kw>
<kw name="Log To Console" library="BuiltIn">
<doc>Logs the given message to the console.</doc>
<arguments>
<arg>${listea01}</arg>
</arguments>
<status status="PASS" starttime="20190624 11:28:45.764" endtime="20190624 11:28:45.764"></status>
</kw>
<kw name="Evaluate" library="BuiltIn">
<doc>Evaluates the given expression in Python and returns the results.</doc>
<arguments>
<arg>$listea01['retlist'][0]</arg>
</arguments>
<assign>
<var>${tes02}</var>
</assign>
<msg timestamp="20190624 11:28:45.765" level="INFO">${tes02} = {'username': 'ppp', 'teachclasslist': [156020], 'realname': '毕老师', 'id': 41866, 'phonenumber': '18302045312', 'email': '323333@qq.com', 'idcardnumber': '540522221536511585'}</msg>
<status status="PASS" starttime="20190624 11:28:45.764" endtime="20190624 11:28:45.765"></status>
</kw>
<kw name="Log To Console" library="BuiltIn">
<doc>Logs the given message to the console.</doc>
<arguments>
<arg>${tes02}</arg>
</arguments>
<status status="PASS" starttime="20190624 11:28:45.765" endtime="20190624 11:28:45.766"></status>
</kw>
<kw name="Evaluate" library="BuiltIn">
<doc>Evaluates the given expression in Python and returns the results.</doc>
<arguments>
<arg>$tes02['id']</arg>
</arguments>
<assign>
<var>${tes03}</var>
</assign>
<msg timestamp="20190624 11:28:45.766" level="INFO">${tes03} = 41866</msg>
<status status="PASS" starttime="20190624 11:28:45.766" endtime="20190624 11:28:45.767"></status>
</kw>
<kw name="Deleterteacher" library="pylib.Teacherlib" type="teardown">
<arguments>
<arg>${tes03}</arg>
</arguments>
<msg timestamp="20190624 11:28:45.897" level="INFO">{'retcode': 0}</msg>
<status status="PASS" starttime="20190624 11:28:45.767" endtime="20190624 11:28:45.898"></status>
</kw>
<status status="PASS" starttime="20190624 11:28:45.674" endtime="20190624 11:28:45.898"></status>
</kw>
<status status="PASS" starttime="20190624 11:28:44.743" endtime="20190624 11:28:45.898"></status>
</suite>
<suite id="s1-s1-s1-s2" name="添加老师" source="E:\pycharmgroject\web\dl_空白数据\dl_实验2班\添加老师.robot">
<test id="s1-s1-s1-s2-t1" name="添加老师1_tc001001">
<kw name="Delete Allteacher" library="pylib.Teacherlib">
<msg timestamp="20190624 11:28:46.083" level="INFO">{'retcode': 0, 'retlist': []}
{'retcode': 0, 'retlist': []}
{'retcode': 0, 'retlist': []}
{'retcode': 0, 'retlist': []}</msg>
<status status="PASS" starttime="20190624 11:28:45.907" endtime="20190624 11:28:46.083"></status>
</kw>
<kw name="Listclass" library="pylib.Courselib">
<arguments>
<arg>1</arg>
</arguments>
<assign>
<var>${pt}</var>
</assign>
<msg timestamp="20190624 11:28:46.186" level="INFO">{ 'gradeid': 1,
  'retcode': 0,
  'retlist': [ { 'grade__name': '七年级',
                 'id': 156020,
                 'invitecode': '1560205955370',
                 'name': '实验2班',
                 'studentlimit': 55,
                 'studentnumber': 0,
                 'teacherlist': []}]}</msg>
<msg timestamp="20190624 11:28:46.186" level="INFO">${pt} = {'gradeid': 1, 'retlist': [{'name': '实验2班', 'grade__name': '七年级', 'invitecode': '1560205955370', 'studentlimit': 55, 'studentnumber': 0, 'id': 156020, 'teacherlist': []}], 'retcode': 0}</msg>
<status status="PASS" starttime="20190624 11:28:46.083" endtime="20190624 11:28:46.186"></status>
</kw>
<kw name="Evaluate" library="BuiltIn">
<doc>Evaluates the given expression in Python and returns the results.</doc>
<arguments>
<arg>$pt['retlist'][0]</arg>
</arguments>
<assign>
<var>${pt1}</var>
</assign>
<msg timestamp="20190624 11:28:46.187" level="INFO">${pt1} = {'name': '实验2班', 'grade__name': '七年级', 'invitecode': '1560205955370', 'studentlimit': 55, 'studentnumber': 0, 'id': 156020, 'teacherlist': []}</msg>
<status status="PASS" starttime="20190624 11:28:46.186" endtime="20190624 11:28:46.187"></status>
</kw>
<kw name="Evaluate" library="BuiltIn">
<doc>Evaluates the given expression in Python and returns the results.</doc>
<arguments>
<arg>$pt1['id']</arg>
</arguments>
<assign>
<var>${pt2}</var>
</assign>
<msg timestamp="20190624 11:28:46.188" level="INFO">${pt2} = 156020</msg>
<status status="PASS" starttime="20190624 11:28:46.187" endtime="20190624 11:28:46.188"></status>
</kw>
<kw name="Listteacher" library="pylib.Teacherlib">
<msg timestamp="20190624 11:28:46.284" level="INFO">{'retcode': 0, 'retlist': []}</msg>
<status status="PASS" starttime="20190624 11:28:46.188" endtime="20190624 11:28:46.284"></status>
</kw>
<kw name="Addteacher" library="pylib.Teacherlib">
<arguments>
<arg>bijp</arg>
<arg>毕杰萍</arg>
<arg>${g_subject_math_id}</arg>
<arg>${pt2}</arg>
<arg>18302045312</arg>
<arg>323333@qq.com</arg>
<arg>540522221536511585</arg>
</arguments>
<assign>
<var>${addte1}</var>
</assign>
<msg timestamp="20190624 11:28:46.411" level="INFO">{'id': 41868, 'retcode': 0}</msg>
<msg timestamp="20190624 11:28:46.412" level="INFO">${addte1} = {'retcode': 0, 'id': 41868}</msg>
<status status="PASS" starttime="20190624 11:28:46.284" endtime="20190624 11:28:46.412"></status>
</kw>
<kw name="Log To Console" library="BuiltIn">
<doc>Logs the given message to the console.</doc>
<arguments>
<arg>${addte1}</arg>
</arguments>
<status status="PASS" starttime="20190624 11:28:46.412" endtime="20190624 11:28:46.413"></status>
</kw>
<kw name="Should Be True" library="BuiltIn">
<doc>Fails if the given condition is not true.</doc>
<arguments>
<arg>$addte1['retcode']==0</arg>
</arguments>
<status status="PASS" starttime="20190624 11:28:46.413" endtime="20190624 11:28:46.414"></status>
</kw>
<kw name="Listteacher" library="pylib.Teacherlib">
<assign>
<var>${listea}</var>
</assign>
<msg timestamp="20190624 11:28:46.488" level="INFO">{ 'retcode': 0,
  'retlist': [ { 'email': '323333@qq.com',
                 'id': 41868,
                 'idcardnumber': '540522221536511585',
                 'phonenumber': '18302045312',
                 'realname': '毕杰萍',
                 'teachclasslist': [156020],
                 'username': 'bijp'}]}</msg>
<msg timestamp="20190624 11:28:46.489" level="INFO">${listea} = {'retlist': [{'username': 'bijp', 'teachclasslist': [156020], 'realname': '毕杰萍', 'id': 41868, 'phonenumber': '18302045312', 'email': '323333@qq.com', 'idcardnumber': '540522221536511585'}], 'retcode':...</msg>
<status status="PASS" starttime="20190624 11:28:46.415" endtime="20190624 11:28:46.489"></status>
</kw>
<kw name="Log To Console" library="BuiltIn">
<doc>Logs the given message to the console.</doc>
<arguments>
<arg>${listea}</arg>
</arguments>
<status status="PASS" starttime="20190624 11:28:46.490" endtime="20190624 11:28:46.490"></status>
</kw>
<kw name="Evaluate" library="BuiltIn">
<doc>Evaluates the given expression in Python and returns the results.</doc>
<arguments>
<arg>$listea['retlist'][0]</arg>
</arguments>
<assign>
<var>${tes}</var>
</assign>
<msg timestamp="20190624 11:28:46.491" level="INFO">${tes} = {'username': 'bijp', 'teachclasslist': [156020], 'realname': '毕杰萍', 'id': 41868, 'phonenumber': '18302045312', 'email': '323333@qq.com', 'idcardnumber': '540522221536511585'}</msg>
<status status="PASS" starttime="20190624 11:28:46.491" endtime="20190624 11:28:46.491"></status>
</kw>
<kw name="Log To Console" library="BuiltIn">
<doc>Logs the given message to the console.</doc>
<arguments>
<arg>${tes}</arg>
</arguments>
<status status="PASS" starttime="20190624 11:28:46.492" endtime="20190624 11:28:46.492"></status>
</kw>
<kw name="Evaluate" library="BuiltIn">
<doc>Evaluates the given expression in Python and returns the results.</doc>
<arguments>
<arg>$tes['id']</arg>
</arguments>
<assign>
<var>${tes1}</var>
</assign>
<msg timestamp="20190624 11:28:46.494" level="INFO">${tes1} = 41868</msg>
<status status="PASS" starttime="20190624 11:28:46.492" endtime="20190624 11:28:46.494"></status>
</kw>
<kw name="Should Be True" library="BuiltIn">
<doc>Fails if the given condition is not true.</doc>
<arguments>
<arg>${tes1}==$addte1['id']</arg>
</arguments>
<status status="PASS" starttime="20190624 11:28:46.494" endtime="20190624 11:28:46.495"></status>
</kw>
<kw name="Deleterteacher" library="pylib.Teacherlib" type="teardown">
<arguments>
<arg>${tes1}</arg>
</arguments>
<msg timestamp="20190624 11:28:46.623" level="INFO">{'retcode': 0}</msg>
<status status="PASS" starttime="20190624 11:28:46.495" endtime="20190624 11:28:46.623"></status>
</kw>
<status status="PASS" starttime="20190624 11:28:45.906" endtime="20190624 11:28:46.623" critical="yes"></status>
</test>
<status status="PASS" starttime="20190624 11:28:45.902" endtime="20190624 11:28:46.624"></status>
</suite>
<suite id="s1-s1-s1-s3" name="班级管理" source="E:\pycharmgroject\web\dl_空白数据\dl_实验2班\班级管理.robot">
<test id="s1-s1-s1-s3-t1" name="删除班级1_tc000081">
<kw name="Listclass" library="pylib.Courselib">
<arguments>
<arg>1</arg>
</arguments>
<assign>
<var>${ret2}</var>
</assign>
<msg timestamp="20190624 11:28:46.708" level="INFO">{ 'gradeid': 1,
  'retcode': 0,
  'retlist': [ { 'grade__name': '七年级',
                 'id': 156020,
                 'invitecode': '1560205955370',
                 'name': '实验2班',
                 'studentlimit': 55,
                 'studentnumber': 0,
                 'teacherlist': []}]}</msg>
<msg timestamp="20190624 11:28:46.708" level="INFO">${ret2} = {'gradeid': 1, 'retlist': [{'name': '实验2班', 'grade__name': '七年级', 'invitecode': '1560205955370', 'studentlimit': 55, 'studentnumber': 0, 'id': 156020, 'teacherlist': []}], 'retcode': 0}</msg>
<status status="PASS" starttime="20190624 11:28:46.630" endtime="20190624 11:28:46.708"></status>
</kw>
<kw name="Deleterclass" library="pylib.Courselib">
<arguments>
<arg>22</arg>
</arguments>
<assign>
<var>${ret4}</var>
</assign>
<msg timestamp="20190624 11:28:46.806" level="INFO">{'reason': 'id 为`22`的班级不存在', 'retcode': 404}</msg>
<msg timestamp="20190624 11:28:46.806" level="INFO">${ret4} = {'reason': 'id 为`22`的班级不存在', 'retcode': 404}</msg>
<status status="PASS" starttime="20190624 11:28:46.708" endtime="20190624 11:28:46.806"></status>
</kw>
<kw name="Should Be True" library="BuiltIn">
<doc>Fails if the given condition is not true.</doc>
<arguments>
<arg>$ret4['retcode']==404</arg>
</arguments>
<status status="PASS" starttime="20190624 11:28:46.808" endtime="20190624 11:28:46.808"></status>
</kw>
<kw name="Should Be True" library="BuiltIn">
<doc>Fails if the given condition is not true.</doc>
<arguments>
<arg>$ret4['reason']=='id 为`22`的班级不存在'</arg>
</arguments>
<status status="PASS" starttime="20190624 11:28:46.808" endtime="20190624 11:28:46.809"></status>
</kw>
<status status="PASS" starttime="20190624 11:28:46.629" endtime="20190624 11:28:46.809" critical="yes"></status>
</test>
<test id="s1-s1-s1-s3-t2" name="删除班级2_tc000082">
<kw name="Listclass" library="pylib.Courselib">
<arguments>
<arg>1</arg>
</arguments>
<assign>
<var>${ret02}</var>
</assign>
<msg timestamp="20190624 11:28:46.908" level="INFO">{ 'gradeid': 1,
  'retcode': 0,
  'retlist': [ { 'grade__name': '七年级',
                 'id': 156020,
                 'invitecode': '1560205955370',
                 'name': '实验2班',
                 'studentlimit': 55,
                 'studentnumber': 0,
                 'teacherlist': []}]}</msg>
<msg timestamp="20190624 11:28:46.908" level="INFO">${ret02} = {'gradeid': 1, 'retlist': [{'name': '实验2班', 'grade__name': '七年级', 'invitecode': '1560205955370', 'studentlimit': 55, 'studentnumber': 0, 'id': 156020, 'teacherlist': []}], 'retcode': 0}</msg>
<status status="PASS" starttime="20190624 11:28:46.811" endtime="20190624 11:28:46.908"></status>
</kw>
<kw name="Log To Console" library="BuiltIn">
<doc>Logs the given message to the console.</doc>
<arguments>
<arg>${ret02}</arg>
</arguments>
<status status="PASS" starttime="20190624 11:28:46.909" endtime="20190624 11:28:46.909"></status>
</kw>
<kw name="Addclass" library="pylib.Courselib">
<arguments>
<arg>1</arg>
<arg>实验3班</arg>
<arg>55</arg>
</arguments>
<assign>
<var>${ret03}</var>
</assign>
<msg timestamp="20190624 11:28:47.011" level="INFO">{'id': 156022, 'invitecode': '1560229423762', 'retcode': 0}</msg>
<msg timestamp="20190624 11:28:47.012" level="INFO">${ret03} = {'invitecode': '1560229423762', 'retcode': 0, 'id': 156022}</msg>
<status status="PASS" starttime="20190624 11:28:46.910" endtime="20190624 11:28:47.012"></status>
</kw>
<kw name="Should Be True" library="BuiltIn">
<doc>Fails if the given condition is not true.</doc>
<arguments>
<arg>$ret03['retcode']==0</arg>
</arguments>
<status status="PASS" starttime="20190624 11:28:47.012" endtime="20190624 11:28:47.013"></status>
</kw>
<kw name="Deleterclass" library="pylib.Courselib">
<arguments>
<arg>&amp;{ret03}[id]</arg>
</arguments>
<assign>
<var>${ret04}</var>
</assign>
<msg timestamp="20190624 11:28:47.112" level="INFO">{'retcode': 0}</msg>
<msg timestamp="20190624 11:28:47.112" level="INFO">${ret04} = {'retcode': 0}</msg>
<status status="PASS" starttime="20190624 11:28:47.013" endtime="20190624 11:28:47.113"></status>
</kw>
<kw name="Log To Console" library="BuiltIn">
<doc>Logs the given message to the console.</doc>
<arguments>
<arg>${ret04}</arg>
</arguments>
<status status="PASS" starttime="20190624 11:28:47.113" endtime="20190624 11:28:47.114"></status>
</kw>
<kw name="Listclass" library="pylib.Courselib">
<arguments>
<arg>1</arg>
</arguments>
<msg timestamp="20190624 11:28:47.207" level="INFO">{ 'gradeid': 1,
  'retcode': 0,
  'retlist': [ { 'grade__name': '七年级',
                 'id': 156020,
                 'invitecode': '1560205955370',
                 'name': '实验2班',
                 'studentlimit': 55,
                 'studentnumber': 0,
                 'teacherlist': []}]}</msg>
<status status="PASS" starttime="20190624 11:28:47.114" endtime="20190624 11:28:47.207"></status>
</kw>
<kw name="Should Be True" library="BuiltIn">
<doc>Fails if the given condition is not true.</doc>
<arguments>
<arg>$ret04['retcode']==0</arg>
</arguments>
<status status="PASS" starttime="20190624 11:28:47.207" endtime="20190624 11:28:47.208"></status>
</kw>
<kw name="Deleterclass" library="pylib.Courselib" type="teardown">
<arguments>
<arg>&amp;{ret03}[id]</arg>
</arguments>
<msg timestamp="20190624 11:28:47.307" level="INFO">{'reason': 'id 为`156022`的班级不存在', 'retcode': 404}</msg>
<status status="PASS" starttime="20190624 11:28:47.208" endtime="20190624 11:28:47.307"></status>
</kw>
<status status="PASS" starttime="20190624 11:28:46.810" endtime="20190624 11:28:47.309" critical="yes"></status>
</test>
<test id="s1-s1-s1-s3-t3" name="添加班级2 - tc000002">
<kw name="Listclass" library="pylib.Courselib">
<arguments>
<arg>1</arg>
</arguments>
<assign>
<var>${ret5}</var>
</assign>
<msg timestamp="20190624 11:28:47.407" level="INFO">{ 'gradeid': 1,
  'retcode': 0,
  'retlist': [ { 'grade__name': '七年级',
                 'id': 156020,
                 'invitecode': '1560205955370',
                 'name': '实验2班',
                 'studentlimit': 55,
                 'studentnumber': 0,
                 'teacherlist': []}]}</msg>
<msg timestamp="20190624 11:28:47.407" level="INFO">${ret5} = {'gradeid': 1, 'retlist': [{'name': '实验2班', 'grade__name': '七年级', 'invitecode': '1560205955370', 'studentlimit': 55, 'studentnumber': 0, 'id': 156020, 'teacherlist': []}], 'retcode': 0}</msg>
<status status="PASS" starttime="20190624 11:28:47.310" endtime="20190624 11:28:47.407"></status>
</kw>
<kw name="Addclass" library="pylib.Courselib">
<arguments>
<arg>1</arg>
<arg>实验3班</arg>
<arg>55</arg>
</arguments>
<assign>
<var>${ret6}</var>
</assign>
<msg timestamp="20190624 11:28:47.510" level="INFO">{'id': 156023, 'invitecode': '1560232323733', 'retcode': 0}</msg>
<msg timestamp="20190624 11:28:47.511" level="INFO">${ret6} = {'invitecode': '1560232323733', 'retcode': 0, 'id': 156023}</msg>
<status status="PASS" starttime="20190624 11:28:47.408" endtime="20190624 11:28:47.511"></status>
</kw>
<kw name="Should Be True" library="BuiltIn">
<doc>Fails if the given condition is not true.</doc>
<arguments>
<arg>$ret6['retcode']==0</arg>
</arguments>
<status status="PASS" starttime="20190624 11:28:47.511" endtime="20190624 11:28:47.512"></status>
</kw>
<kw name="Log To Console" library="BuiltIn">
<doc>Logs the given message to the console.</doc>
<arguments>
<arg>${ret6}</arg>
</arguments>
<status status="PASS" starttime="20190624 11:28:47.513" endtime="20190624 11:28:47.514"></status>
</kw>
<kw name="Listclass" library="pylib.Courselib">
<arguments>
<arg>1</arg>
</arguments>
<assign>
<var>${ret7}</var>
</assign>
<msg timestamp="20190624 11:28:47.609" level="INFO">{ 'gradeid': 1,
  'retcode': 0,
  'retlist': [ { 'grade__name': '七年级',
                 'id': 156020,
                 'invitecode': '1560205955370',
                 'name': '实验2班',
                 'studentlimit': 55,
                 'studentnumber': 0,
                 'teacherlist': []},
               { 'grade__name': '七年级',
                 'id': 156023,
                 'invitecode': '1560232323733',
                 'name': '实验3班',
                 'studentlimit': 55,
                 'studentnumber': 0,
                 'teacherlist': []}]}</msg>
<msg timestamp="20190624 11:28:47.609" level="INFO">${ret7} = {'gradeid': 1, 'retlist': [{'name': '实验2班', 'grade__name': '七年级', 'invitecode': '1560205955370', 'studentlimit': 55, 'studentnumber': 0, 'id': 156020, 'teacherlist': []}, {'name': '实验3班', 'grade__name...</msg>
<status status="PASS" starttime="20190624 11:28:47.514" endtime="20190624 11:28:47.609"></status>
</kw>
<kw name="Log To Console" library="BuiltIn">
<doc>Logs the given message to the console.</doc>
<arguments>
<arg>${ret7}</arg>
</arguments>
<status status="PASS" starttime="20190624 11:28:47.609" endtime="20190624 11:28:47.610"></status>
</kw>
<kw name="Evaluate" library="BuiltIn">
<doc>Evaluates the given expression in Python and returns the results.</doc>
<arguments>
<arg>$ret7['retlist'][1]</arg>
</arguments>
<assign>
<var>${fck}</var>
</assign>
<msg timestamp="20190624 11:28:47.611" level="INFO">${fck} = {'name': '实验3班', 'grade__name': '七年级', 'invitecode': '1560232323733', 'studentlimit': 55, 'studentnumber': 0, 'id': 156023, 'teacherlist': []}</msg>
<status status="PASS" starttime="20190624 11:28:47.611" endtime="20190624 11:28:47.611"></status>
</kw>
<kw name="Log To Console" library="BuiltIn">
<doc>Logs the given message to the console.</doc>
<arguments>
<arg>${fck}</arg>
</arguments>
<status status="PASS" starttime="20190624 11:28:47.611" endtime="20190624 11:28:47.612"></status>
</kw>
<kw name="Should Be True" library="BuiltIn">
<doc>Fails if the given condition is not true.</doc>
<arguments>
<arg>$fck['id']==$ret6['id']</arg>
</arguments>
<status status="PASS" starttime="20190624 11:28:47.612" endtime="20190624 11:28:47.613"></status>
</kw>
<kw name="Should Be True" library="BuiltIn">
<doc>Fails if the given condition is not true.</doc>
<arguments>
<arg>$fck['invitecode']==$ret6['invitecode']</arg>
</arguments>
<status status="PASS" starttime="20190624 11:28:47.613" endtime="20190624 11:28:47.614"></status>
</kw>
<kw name="Should Be True" library="BuiltIn">
<doc>Fails if the given condition is not true.</doc>
<arguments>
<arg>$fck['grade__name']=='七年级'</arg>
</arguments>
<status status="PASS" starttime="20190624 11:28:47.614" endtime="20190624 11:28:47.615"></status>
</kw>
<kw name="Should Be True" library="BuiltIn">
<doc>Fails if the given condition is not true.</doc>
<arguments>
<arg>$fck['studentlimit']==55</arg>
</arguments>
<status status="PASS" starttime="20190624 11:28:47.615" endtime="20190624 11:28:47.615"></status>
</kw>
<kw name="Should Be True" library="BuiltIn">
<doc>Fails if the given condition is not true.</doc>
<arguments>
<arg>$fck['name']=='实验3班'</arg>
</arguments>
<status status="PASS" starttime="20190624 11:28:47.616" endtime="20190624 11:28:47.616"></status>
</kw>
<kw name="Deleterclass" library="pylib.Courselib" type="teardown">
<arguments>
<arg>&amp;{ret6}[id]</arg>
</arguments>
<msg timestamp="20190624 11:28:47.713" level="INFO">{'retcode': 0}</msg>
<status status="PASS" starttime="20190624 11:28:47.616" endtime="20190624 11:28:47.713"></status>
</kw>
<status status="PASS" starttime="20190624 11:28:47.309" endtime="20190624 11:28:47.715" critical="yes"></status>
</test>
<test id="s1-s1-s1-s3-t4" name="添加班级3- tc000003">
<kw name="Listclass" library="pylib.Courselib">
<arguments>
<arg>1</arg>
</arguments>
<assign>
<var>${ret03}</var>
</assign>
<msg timestamp="20190624 11:28:47.806" level="INFO">{ 'gradeid': 1,
  'retcode': 0,
  'retlist': [ { 'grade__name': '七年级',
                 'id': 156020,
                 'invitecode': '1560205955370',
                 'name': '实验2班',
                 'studentlimit': 55,
                 'studentnumber': 0,
                 'teacherlist': []}]}</msg>
<msg timestamp="20190624 11:28:47.807" level="INFO">${ret03} = {'gradeid': 1, 'retlist': [{'name': '实验2班', 'grade__name': '七年级', 'invitecode': '1560205955370', 'studentlimit': 55, 'studentnumber': 0, 'id': 156020, 'teacherlist': []}], 'retcode': 0}</msg>
<status status="PASS" starttime="20190624 11:28:47.716" endtime="20190624 11:28:47.807"></status>
</kw>
<kw name="Log To Console" library="BuiltIn">
<doc>Logs the given message to the console.</doc>
<arguments>
<arg>${ret03}</arg>
</arguments>
<status status="PASS" starttime="20190624 11:28:47.808" endtime="20190624 11:28:47.808"></status>
</kw>
<kw name="Addclass" library="pylib.Courselib">
<arguments>
<arg>1</arg>
<arg>实验2班</arg>
<arg>55</arg>
</arguments>
<assign>
<var>${ret04}</var>
</assign>
<msg timestamp="20190624 11:28:47.908" level="INFO">{ 'reason': 'Traceback (most recent call last):\n'
            '  File '
            '"/home/yjyx/yijiao_src/yijiao_main/services/datamodel/schoolclass/models.py", '
            'line 542, in addClass\n'
            '    school_class = '
            'self._addClass(name,schoolid,gradeid,studentlimit)\n'
            '  File '
            '"/home/yjyx/yijiao_src/yijiao_main/services/datamodel/schoolclass/models.py", '
            'line 531, in _addClass\n'
            '    school_class.save()\n'
            '  File '
            '"/usr/local/lib/python2.7/site-packages/django/db/models/base.py", '
            'line 710, in save\n'
            '    force_update=force_update, update_fields=update_fields)\n'
            '  File '
            '"/usr/local/lib/python2.7/site-packages/django/db/models/base.py", '
            'line 738, in save_base\n'
            '    updated = self._save_table(raw, cls, force_insert, '
            'force_update, using, update_fields)\n'
            '  File '
            '"/usr/local/lib/python2.7/site-packages/django/db/models/base.py", '
            'line 822, in _save_table\n'
            '    result = self._do_insert(cls._base_manager, using, fields, '
            'update_pk, raw)\n'
            '  File '
            '"/usr/local/lib/python2.7/site-packages/django/db/models/base.py", '
            'line 861, in _do_insert\n'
            '    using=using, raw=raw)\n'
            '  File '
            '"/usr/local/lib/python2.7/site-packages/django/db/models/manager.py", '
            'line 127, in manager_method\n'
            '    return getattr(self.get_queryset(), name)(*args, **kwargs)\n'
            '  File '
            '"/usr/local/lib/python2.7/site-packages/django/db/models/query.py", '
            'line 920, in _insert\n'
            '    return '
            'query.get_compiler(using=using).execute_sql(return_id)\n'
            '  File '
            '"/usr/local/lib/python2.7/site-packages/django/db/models/sql/compiler.py", '
            'line 974, in execute_sql\n'
            '    cursor.execute(sql, params)\n'
            '  File '
            '"/usr/local/lib/python2.7/site-packages/django/db/backends/utils.py", '
            'line 64, in execute\n'
            '    return self.cursor.execute(sql, params)\n'
            '  File '
            '"/usr/local/lib/python2.7/site-packages/django/db/utils.py", line '
            '97, in __exit__\n'
            '    six.reraise(dj_exc_type, dj_exc_value, traceback)\n'
            '  File '
            '"/usr/local/lib/python2.7/site-packages/django/db/backends/utils.py", '
            'line 64, in execute\n'
            '    return self.cursor.execute(sql, params)\n'
            '  File '
            '"/usr/local/lib/python2.7/site-packages/django/db/backends/mysql/base.py", '
            'line 124, in execute\n'
            '    return self.cursor.execute(query, args)\n'
            '  File '
            '"/usr/local/lib/python2.7/site-packages/MySQLdb/cursors.py", line '
            '205, in execute\n'
            '    self.errorhandler(self, exc, value)\n'
            '  File '
            '"/usr/local/lib/python2.7/site-packages/MySQLdb/connections.py", '
            'line 36, in defaulterrorhandler\n'
            '    raise errorclass, errorvalue\n'
            'IntegrityError: (1062, "Duplicate entry '
            "'\\xe5\\xae\\x9e\\xe9\\xaa\\x8c2\\xe7\\x8f\\xad-548-1' for key "
            '\'name\'")\n',
  'retcode': 1}</msg>
<msg timestamp="20190624 11:28:47.908" level="INFO">${ret04} = {'reason': 'Traceback (most recent call last):\n  File "/home/yjyx/yijiao_src/yijiao_main/services/datamodel/schoolclass/models.py", line 542, in addClass\n    school_class = self._addClass(name,schoo...</msg>
<status status="PASS" starttime="20190624 11:28:47.809" endtime="20190624 11:28:47.908"></status>
</kw>
<kw name="Should Be True" library="BuiltIn">
<doc>Fails if the given condition is not true.</doc>
<arguments>
<arg>$ret04['retcode']==1</arg>
</arguments>
<status status="PASS" starttime="20190624 11:28:47.909" endtime="20190624 11:28:47.909"></status>
</kw>
<kw name="Listclass" library="pylib.Courselib">
<arguments>
<arg>1</arg>
</arguments>
<assign>
<var>${ret05}</var>
</assign>
<msg timestamp="20190624 11:28:48.009" level="INFO">{ 'gradeid': 1,
  'retcode': 0,
  'retlist': [ { 'grade__name': '七年级',
                 'id': 156020,
                 'invitecode': '1560205955370',
                 'name': '实验2班',
                 'studentlimit': 55,
                 'studentnumber': 0,
                 'teacherlist': []}]}</msg>
<msg timestamp="20190624 11:28:48.009" level="INFO">${ret05} = {'gradeid': 1, 'retlist': [{'name': '实验2班', 'grade__name': '七年级', 'invitecode': '1560205955370', 'studentlimit': 55, 'studentnumber': 0, 'id': 156020, 'teacherlist': []}], 'retcode': 0}</msg>
<status status="PASS" starttime="20190624 11:28:47.910" endtime="20190624 11:28:48.009"></status>
</kw>
<kw name="Log To Console" library="BuiltIn">
<doc>Logs the given message to the console.</doc>
<arguments>
<arg>${ret05}</arg>
</arguments>
<status status="PASS" starttime="20190624 11:28:48.009" endtime="20190624 11:28:48.011"></status>
</kw>
<kw name="Evaluate" library="BuiltIn">
<doc>Evaluates the given expression in Python and returns the results.</doc>
<arguments>
<arg>$ret05['retlist'][0]</arg>
</arguments>
<assign>
<var>${ck}</var>
</assign>
<msg timestamp="20190624 11:28:48.013" level="INFO">${ck} = {'name': '实验2班', 'grade__name': '七年级', 'invitecode': '1560205955370', 'studentlimit': 55, 'studentnumber': 0, 'id': 156020, 'teacherlist': []}</msg>
<status status="PASS" starttime="20190624 11:28:48.012" endtime="20190624 11:28:48.013"></status>
</kw>
<kw name="Should Be True" library="BuiltIn">
<doc>Fails if the given condition is not true.</doc>
<arguments>
<arg>$ck['grade__name']=='七年级'</arg>
</arguments>
<status status="PASS" starttime="20190624 11:28:48.013" endtime="20190624 11:28:48.014"></status>
</kw>
<kw name="Should Be True" library="BuiltIn">
<doc>Fails if the given condition is not true.</doc>
<arguments>
<arg>$ck['studentlimit']==55</arg>
</arguments>
<status status="PASS" starttime="20190624 11:28:48.014" endtime="20190624 11:28:48.015"></status>
</kw>
<kw name="Should Be True" library="BuiltIn">
<doc>Fails if the given condition is not true.</doc>
<arguments>
<arg>$ck['name']=='实验2班'</arg>
</arguments>
<status status="PASS" starttime="20190624 11:28:48.015" endtime="20190624 11:28:48.016"></status>
</kw>
<status status="PASS" starttime="20190624 11:28:47.716" endtime="20190624 11:28:48.016" critical="yes"></status>
</test>
<test id="s1-s1-s1-s3-t5" name="修改班级1_tc000051">
<kw name="Listclass" library="pylib.Courselib">
<arguments>
<arg>1</arg>
</arguments>
<assign>
<var>${rc2}</var>
</assign>
<msg timestamp="20190624 11:28:48.110" level="INFO">{ 'gradeid': 1,
  'retcode': 0,
  'retlist': [ { 'grade__name': '七年级',
                 'id': 156020,
                 'invitecode': '1560205955370',
                 'name': '实验2班',
                 'studentlimit': 55,
                 'studentnumber': 0,
                 'teacherlist': []}]}</msg>
<msg timestamp="20190624 11:28:48.111" level="INFO">${rc2} = {'gradeid': 1, 'retlist': [{'name': '实验2班', 'grade__name': '七年级', 'invitecode': '1560205955370', 'studentlimit': 55, 'studentnumber': 0, 'id': 156020, 'teacherlist': []}], 'retcode': 0}</msg>
<status status="PASS" starttime="20190624 11:28:48.017" endtime="20190624 11:28:48.111"></status>
</kw>
<kw name="Log To Console" library="BuiltIn">
<doc>Logs the given message to the console.</doc>
<arguments>
<arg>${rc2}</arg>
</arguments>
<status status="PASS" starttime="20190624 11:28:48.112" endtime="20190624 11:28:48.112"></status>
</kw>
<kw name="Evaluate" library="BuiltIn">
<doc>Evaluates the given expression in Python and returns the results.</doc>
<arguments>
<arg>$rc2['retlist'][0]</arg>
</arguments>
<assign>
<var>${rk}</var>
</assign>
<msg timestamp="20190624 11:28:48.113" level="INFO">${rk} = {'name': '实验2班', 'grade__name': '七年级', 'invitecode': '1560205955370', 'studentlimit': 55, 'studentnumber': 0, 'id': 156020, 'teacherlist': []}</msg>
<status status="PASS" starttime="20190624 11:28:48.112" endtime="20190624 11:28:48.113"></status>
</kw>
<kw name="Evaluate" library="BuiltIn">
<doc>Evaluates the given expression in Python and returns the results.</doc>
<arguments>
<arg>$rk['id']</arg>
</arguments>
<assign>
<var>${rc3}</var>
</assign>
<msg timestamp="20190624 11:28:48.114" level="INFO">${rc3} = 156020</msg>
<status status="PASS" starttime="20190624 11:28:48.113" endtime="20190624 11:28:48.114"></status>
</kw>
<kw name="Log To Console" library="BuiltIn">
<doc>Logs the given message to the console.</doc>
<arguments>
<arg>${rc3}</arg>
</arguments>
<status status="PASS" starttime="20190624 11:28:48.114" endtime="20190624 11:28:48.114"></status>
</kw>
<kw name="Modifyclass" library="pylib.Courselib">
<arguments>
<arg>${rc3}</arg>
<arg>实验9班</arg>
<arg>70</arg>
</arguments>
<assign>
<var>${rc4}</var>
</assign>
<msg timestamp="20190624 11:28:48.209" level="INFO">{'retcode': 0}</msg>
<msg timestamp="20190624 11:28:48.209" level="INFO">${rc4} = {'retcode': 0}</msg>
<status status="PASS" starttime="20190624 11:28:48.115" endtime="20190624 11:28:48.209"></status>
</kw>
<kw name="Should Be True" library="BuiltIn">
<doc>Fails if the given condition is not true.</doc>
<arguments>
<arg>$rc4['retcode']==0</arg>
</arguments>
<status status="PASS" starttime="20190624 11:28:48.210" endtime="20190624 11:28:48.210"></status>
</kw>
<kw name="Log To Console" library="BuiltIn">
<doc>Logs the given message to the console.</doc>
<arguments>
<arg>${rc4}</arg>
</arguments>
<status status="PASS" starttime="20190624 11:28:48.211" endtime="20190624 11:28:48.211"></status>
</kw>
<kw name="Listclass" library="pylib.Courselib">
<arguments>
<arg>1</arg>
</arguments>
<assign>
<var>${rc6}</var>
</assign>
<msg timestamp="20190624 11:28:48.308" level="INFO">{ 'gradeid': 1,
  'retcode': 0,
  'retlist': [ { 'grade__name': '七年级',
                 'id': 156020,
                 'invitecode': '1560205955370',
                 'name': '实验9班',
                 'studentlimit': 70,
                 'studentnumber': 0,
                 'teacherlist': []}]}</msg>
<msg timestamp="20190624 11:28:48.308" level="INFO">${rc6} = {'gradeid': 1, 'retlist': [{'name': '实验9班', 'grade__name': '七年级', 'invitecode': '1560205955370', 'studentlimit': 70, 'studentnumber': 0, 'id': 156020, 'teacherlist': []}], 'retcode': 0}</msg>
<status status="PASS" starttime="20190624 11:28:48.211" endtime="20190624 11:28:48.308"></status>
</kw>
<kw name="Log To Console" library="BuiltIn">
<doc>Logs the given message to the console.</doc>
<arguments>
<arg>${rc6}</arg>
</arguments>
<status status="PASS" starttime="20190624 11:28:48.309" endtime="20190624 11:28:48.309"></status>
</kw>
<kw name="Evaluate" library="BuiltIn">
<doc>Evaluates the given expression in Python and returns the results.</doc>
<arguments>
<arg>$rc6['retlist'][0]</arg>
</arguments>
<assign>
<var>${fck00}</var>
</assign>
<msg timestamp="20190624 11:28:48.310" level="INFO">${fck00} = {'name': '实验9班', 'grade__name': '七年级', 'invitecode': '1560205955370', 'studentlimit': 70, 'studentnumber': 0, 'id': 156020, 'teacherlist': []}</msg>
<status status="PASS" starttime="20190624 11:28:48.310" endtime="20190624 11:28:48.310"></status>
</kw>
<kw name="Log To Console" library="BuiltIn">
<doc>Logs the given message to the console.</doc>
<arguments>
<arg>${fck00}</arg>
</arguments>
<status status="PASS" starttime="20190624 11:28:48.311" endtime="20190624 11:28:48.311"></status>
</kw>
<kw name="Should Be True" library="BuiltIn">
<doc>Fails if the given condition is not true.</doc>
<arguments>
<arg>$fck00['id']==$rk['id']</arg>
</arguments>
<status status="PASS" starttime="20190624 11:28:48.311" endtime="20190624 11:28:48.312"></status>
</kw>
<kw name="Should Be True" library="BuiltIn">
<doc>Fails if the given condition is not true.</doc>
<arguments>
<arg>$fck00['invitecode']==$rk['invitecode']</arg>
</arguments>
<status status="PASS" starttime="20190624 11:28:48.312" endtime="20190624 11:28:48.313"></status>
</kw>
<kw name="Should Be True" library="BuiltIn">
<doc>Fails if the given condition is not true.</doc>
<arguments>
<arg>$fck00['grade__name']=='七年级'</arg>
</arguments>
<status status="PASS" starttime="20190624 11:28:48.313" endtime="20190624 11:28:48.313"></status>
</kw>
<kw name="Should Be True" library="BuiltIn">
<doc>Fails if the given condition is not true.</doc>
<arguments>
<arg>$fck00['studentlimit']==70</arg>
</arguments>
<status status="PASS" starttime="20190624 11:28:48.314" endtime="20190624 11:28:48.314"></status>
</kw>
<kw name="Should Be True" library="BuiltIn">
<doc>Fails if the given condition is not true.</doc>
<arguments>
<arg>$fck00['name']=='实验9班'</arg>
</arguments>
<status status="PASS" starttime="20190624 11:28:48.314" endtime="20190624 11:28:48.315"></status>
</kw>
<kw name="Deleterclass" library="pylib.Courselib" type="teardown">
<arguments>
<arg>&amp;{rk}[id]</arg>
</arguments>
<msg timestamp="20190624 11:28:48.408" level="INFO">{'retcode': 0}</msg>
<status status="PASS" starttime="20190624 11:28:48.315" endtime="20190624 11:28:48.408"></status>
</kw>
<status status="PASS" starttime="20190624 11:28:48.017" endtime="20190624 11:28:48.409" critical="yes"></status>
</test>
<test id="s1-s1-s1-s3-t6" name="修改班级2_tc000052">
<kw name="Addclass" library="pylib.Courselib">
<arguments>
<arg>1</arg>
<arg>实验6班</arg>
<arg>66</arg>
</arguments>
<assign>
<var>${rc07}</var>
</assign>
<msg timestamp="20190624 11:28:48.506" level="INFO">{'id': 156025, 'invitecode': '1560251558273', 'retcode': 0}</msg>
<msg timestamp="20190624 11:28:48.506" level="INFO">${rc07} = {'invitecode': '1560251558273', 'retcode': 0, 'id': 156025}</msg>
<status status="PASS" starttime="20190624 11:28:48.411" endtime="20190624 11:28:48.506"></status>
</kw>
<kw name="Log To Console" library="BuiltIn">
<doc>Logs the given message to the console.</doc>
<arguments>
<arg>${rc07}</arg>
</arguments>
<status status="PASS" starttime="20190624 11:28:48.507" endtime="20190624 11:28:48.507"></status>
</kw>
<kw name="Evaluate" library="BuiltIn">
<doc>Evaluates the given expression in Python and returns the results.</doc>
<arguments>
<arg>$rc07['id']</arg>
</arguments>
<assign>
<var>${rc08}</var>
</assign>
<msg timestamp="20190624 11:28:48.509" level="INFO">${rc08} = 156025</msg>
<status status="PASS" starttime="20190624 11:28:48.508" endtime="20190624 11:28:48.509"></status>
</kw>
<kw name="Listclass" library="pylib.Courselib">
<arguments>
<arg>1</arg>
</arguments>
<assign>
<var>${rc09}</var>
</assign>
<msg timestamp="20190624 11:28:48.608" level="INFO">{ 'gradeid': 1,
  'retcode': 0,
  'retlist': [ { 'grade__name': '七年级',
                 'id': 156025,
                 'invitecode': '1560251558273',
                 'name': '实验6班',
                 'studentlimit': 66,
                 'studentnumber': 0,
                 'teacherlist': []}]}</msg>
<msg timestamp="20190624 11:28:48.608" level="INFO">${rc09} = {'gradeid': 1, 'retlist': [{'name': '实验6班', 'grade__name': '七年级', 'invitecode': '1560251558273', 'studentlimit': 66, 'studentnumber': 0, 'id': 156025, 'teacherlist': []}], 'retcode': 0}</msg>
<status status="PASS" starttime="20190624 11:28:48.509" endtime="20190624 11:28:48.608"></status>
</kw>
<kw name="Modifyclass" library="pylib.Courselib">
<arguments>
<arg>${rc08}</arg>
<arg>实验2班</arg>
<arg>55</arg>
</arguments>
<assign>
<var>${rc04}</var>
</assign>
<msg timestamp="20190624 11:28:48.705" level="INFO">{'retcode': 0}</msg>
<msg timestamp="20190624 11:28:48.706" level="INFO">${rc04} = {'retcode': 0}</msg>
<status status="PASS" starttime="20190624 11:28:48.609" endtime="20190624 11:28:48.706"></status>
</kw>
<kw name="Log To Console" library="BuiltIn">
<doc>Logs the given message to the console.</doc>
<arguments>
<arg>${rc04}</arg>
</arguments>
<status status="PASS" starttime="20190624 11:28:48.706" endtime="20190624 11:28:48.706"></status>
</kw>
<kw name="Listclass" library="pylib.Courselib">
<arguments>
<arg>1</arg>
</arguments>
<assign>
<var>${rc06}</var>
</assign>
<msg timestamp="20190624 11:28:48.808" level="INFO">{ 'gradeid': 1,
  'retcode': 0,
  'retlist': [ { 'grade__name': '七年级',
                 'id': 156025,
                 'invitecode': '1560251558273',
                 'name': '实验2班',
                 'studentlimit': 55,
                 'studentnumber': 0,
                 'teacherlist': []}]}</msg>
<msg timestamp="20190624 11:28:48.808" level="INFO">${rc06} = {'gradeid': 1, 'retlist': [{'name': '实验2班', 'grade__name': '七年级', 'invitecode': '1560251558273', 'studentlimit': 55, 'studentnumber': 0, 'id': 156025, 'teacherlist': []}], 'retcode': 0}</msg>
<status status="PASS" starttime="20190624 11:28:48.707" endtime="20190624 11:28:48.808"></status>
</kw>
<kw name="Should Be True" library="BuiltIn">
<doc>Fails if the given condition is not true.</doc>
<arguments>
<arg>$rc04['retcode']==0</arg>
</arguments>
<status status="PASS" starttime="20190624 11:28:48.808" endtime="20190624 11:28:48.809"></status>
</kw>
<kw name="Deleterclass" library="pylib.Courselib" type="teardown">
<arguments>
<arg>&amp;{rc07}[id]</arg>
</arguments>
<msg timestamp="20190624 11:28:48.913" level="INFO">{'retcode': 0}</msg>
<status status="PASS" starttime="20190624 11:28:48.809" endtime="20190624 11:28:48.913"></status>
</kw>
<status status="PASS" starttime="20190624 11:28:48.410" endtime="20190624 11:28:48.914" critical="yes"></status>
</test>
<test id="s1-s1-s1-s3-t7" name="修改班级3_tc000053">
<kw name="Delete Allclass" library="pylib.Courselib">
<assign>
<var>${rc000}</var>
</assign>
<msg timestamp="20190624 11:28:49.102" level="INFO">{'gradeid': None, 'retcode': 0, 'retlist': []}
{'gradeid': None, 'retcode': 0, 'retlist': []}
{'gradeid': None, 'retcode': 0, 'retlist': []}
{'gradeid': None, 'retcode': 0, 'retlist': []}</msg>
<msg timestamp="20190624 11:28:49.102" level="INFO">${rc000} = None</msg>
<status status="PASS" starttime="20190624 11:28:48.915" endtime="20190624 11:28:49.102"></status>
</kw>
<kw name="Addclass" library="pylib.Courselib">
<arguments>
<arg>2</arg>
<arg>实验8班</arg>
<arg>66</arg>
</arguments>
<assign>
<var>${rc001}</var>
</assign>
<msg timestamp="20190624 11:28:49.209" level="INFO">{'id': 156026, 'invitecode': '1560263310964', 'retcode': 0}</msg>
<msg timestamp="20190624 11:28:49.209" level="INFO">${rc001} = {'invitecode': '1560263310964', 'retcode': 0, 'id': 156026}</msg>
<status status="PASS" starttime="20190624 11:28:49.103" endtime="20190624 11:28:49.209"></status>
</kw>
<kw name="Should Be True" library="BuiltIn">
<doc>Fails if the given condition is not true.</doc>
<arguments>
<arg>$rc001['retcode']==0</arg>
</arguments>
<status status="PASS" starttime="20190624 11:28:49.209" endtime="20190624 11:28:49.210"></status>
</kw>
<kw name="Log To Console" library="BuiltIn">
<doc>Logs the given message to the console.</doc>
<arguments>
<arg>$rc001['id']</arg>
</arguments>
<status status="PASS" starttime="20190624 11:28:49.210" endtime="20190624 11:28:49.211"></status>
</kw>
<kw name="Listclass" library="pylib.Courselib">
<arguments>
<arg>2</arg>
</arguments>
<assign>
<var>${rc002}</var>
</assign>
<msg timestamp="20190624 11:28:49.307" level="INFO">{ 'gradeid': 2,
  'retcode': 0,
  'retlist': [ { 'grade__name': '八年级',
                 'id': 156026,
                 'invitecode': '1560263310964',
                 'name': '实验8班',
                 'studentlimit': 66,
                 'studentnumber': 0,
                 'teacherlist': []}]}</msg>
<msg timestamp="20190624 11:28:49.307" level="INFO">${rc002} = {'gradeid': 2, 'retlist': [{'name': '实验8班', 'grade__name': '八年级', 'invitecode': '1560263310964', 'studentlimit': 66, 'studentnumber': 0, 'id': 156026, 'teacherlist': []}], 'retcode': 0}</msg>
<status status="PASS" starttime="20190624 11:28:49.211" endtime="20190624 11:28:49.307"></status>
</kw>
<kw name="Log To Console" library="BuiltIn">
<doc>Logs the given message to the console.</doc>
<arguments>
<arg>${rc002}</arg>
</arguments>
<status status="PASS" starttime="20190624 11:28:49.307" endtime="20190624 11:28:49.308"></status>
</kw>
<kw name="Evaluate" library="BuiltIn">
<doc>Evaluates the given expression in Python and returns the results.</doc>
<arguments>
<arg>$rc002['retlist'][0]</arg>
</arguments>
<assign>
<var>${rk000}</var>
</assign>
<msg timestamp="20190624 11:28:49.309" level="INFO">${rk000} = {'name': '实验8班', 'grade__name': '八年级', 'invitecode': '1560263310964', 'studentlimit': 66, 'studentnumber': 0, 'id': 156026, 'teacherlist': []}</msg>
<status status="PASS" starttime="20190624 11:28:49.308" endtime="20190624 11:28:49.309"></status>
</kw>
<kw name="Evaluate" library="BuiltIn">
<doc>Evaluates the given expression in Python and returns the results.</doc>
<arguments>
<arg>$rk000['id']</arg>
</arguments>
<assign>
<var>${rc003}</var>
</assign>
<msg timestamp="20190624 11:28:49.310" level="INFO">${rc003} = 156026</msg>
<status status="PASS" starttime="20190624 11:28:49.309" endtime="20190624 11:28:49.310"></status>
</kw>
<kw name="Log To Console" library="BuiltIn">
<doc>Logs the given message to the console.</doc>
<arguments>
<arg>${rc003}</arg>
</arguments>
<status status="PASS" starttime="20190624 11:28:49.310" endtime="20190624 11:28:49.310"></status>
</kw>
<kw name="Modifyclass" library="pylib.Courselib">
<arguments>
<arg>666</arg>
<arg>实验9班</arg>
<arg>70</arg>
</arguments>
<assign>
<var>${rc004}</var>
</assign>
<msg timestamp="20190624 11:28:49.405" level="INFO">{'reason': 'id 为`666`的班级不存在', 'retcode': 404}</msg>
<msg timestamp="20190624 11:28:49.406" level="INFO">${rc004} = {'reason': 'id 为`666`的班级不存在', 'retcode': 404}</msg>
<status status="PASS" starttime="20190624 11:28:49.312" endtime="20190624 11:28:49.406"></status>
</kw>
<kw name="Listclass" library="pylib.Courselib">
<arguments>
<arg>2</arg>
</arguments>
<assign>
<var>${rc006}</var>
</assign>
<msg timestamp="20190624 11:28:49.508" level="INFO">{ 'gradeid': 2,
  'retcode': 0,
  'retlist': [ { 'grade__name': '八年级',
                 'id': 156026,
                 'invitecode': '1560263310964',
                 'name': '实验8班',
                 'studentlimit': 66,
                 'studentnumber': 0,
                 'teacherlist': []}]}</msg>
<msg timestamp="20190624 11:28:49.508" level="INFO">${rc006} = {'gradeid': 2, 'retlist': [{'name': '实验8班', 'grade__name': '八年级', 'invitecode': '1560263310964', 'studentlimit': 66, 'studentnumber': 0, 'id': 156026, 'teacherlist': []}], 'retcode': 0}</msg>
<status status="PASS" starttime="20190624 11:28:49.406" endtime="20190624 11:28:49.508"></status>
</kw>
<kw name="Log To Console" library="BuiltIn">
<doc>Logs the given message to the console.</doc>
<arguments>
<arg>${rc004}</arg>
</arguments>
<status status="PASS" starttime="20190624 11:28:49.509" endtime="20190624 11:28:49.509"></status>
</kw>
<kw name="Should Be True" library="BuiltIn">
<doc>Fails if the given condition is not true.</doc>
<arguments>
<arg>$rc004['retcode']==404</arg>
</arguments>
<status status="PASS" starttime="20190624 11:28:49.510" endtime="20190624 11:28:49.511"></status>
</kw>
<kw name="Should Be True" library="BuiltIn">
<doc>Fails if the given condition is not true.</doc>
<arguments>
<arg>$rc004['reason']=='id 为`666`的班级不存在'</arg>
</arguments>
<status status="PASS" starttime="20190624 11:28:49.511" endtime="20190624 11:28:49.512"></status>
</kw>
<kw name="Deleterclass" library="pylib.Courselib" type="teardown">
<arguments>
<arg>&amp;{rc001}[id]</arg>
</arguments>
<msg timestamp="20190624 11:28:49.614" level="INFO">{'retcode': 0}</msg>
<status status="PASS" starttime="20190624 11:28:49.512" endtime="20190624 11:28:49.614"></status>
</kw>
<status status="PASS" starttime="20190624 11:28:48.915" endtime="20190624 11:28:49.614" critical="yes"></status>
</test>
<status status="PASS" starttime="20190624 11:28:46.626" endtime="20190624 11:28:49.616"></status>
</suite>
<kw name="Delete Allclass" library="pylib.Courselib" type="teardown">
<msg timestamp="20190624 11:28:49.802" level="INFO">{'gradeid': None, 'retcode': 0, 'retlist': []}
{'gradeid': None, 'retcode': 0, 'retlist': []}
{'gradeid': None, 'retcode': 0, 'retlist': []}
{'gradeid': None, 'retcode': 0, 'retlist': []}</msg>
<status status="PASS" starttime="20190624 11:28:49.620" endtime="20190624 11:28:49.802"></status>
</kw>
<status status="PASS" starttime="20190624 11:28:44.632" endtime="20190624 11:28:49.802"></status>
</suite>
<suite id="s1-s1-s2" name="添加班级" source="E:\pycharmgroject\web\dl_空白数据\添加班级.robot">
<test id="s1-s1-s2-t1" name="添加班级1 - tc000001">
<kw name="Addclass" library="pylib.Courselib">
<arguments>
<arg>1</arg>
<arg>实验1班</arg>
<arg>58</arg>
</arguments>
<assign>
<var>${ret1}</var>
</assign>
<msg timestamp="20190624 11:28:49.911" level="INFO">{'id': 156027, 'invitecode': '1560273054889', 'retcode': 0}</msg>
<msg timestamp="20190624 11:28:49.911" level="INFO">${ret1} = {'invitecode': '1560273054889', 'retcode': 0, 'id': 156027}</msg>
<status status="PASS" starttime="20190624 11:28:49.809" endtime="20190624 11:28:49.911"></status>
</kw>
<kw name="Should Be True" library="BuiltIn">
<doc>Fails if the given condition is not true.</doc>
<arguments>
<arg>$ret1['retcode']==0</arg>
</arguments>
<status status="PASS" starttime="20190624 11:28:49.912" endtime="20190624 11:28:49.912"></status>
</kw>
<kw name="Listclass" library="pylib.Courselib">
<arguments>
<arg>1</arg>
</arguments>
<assign>
<var>${ret2}</var>
</assign>
<msg timestamp="20190624 11:28:50.008" level="INFO">{ 'gradeid': 1,
  'retcode': 0,
  'retlist': [ { 'grade__name': '七年级',
                 'id': 156027,
                 'invitecode': '1560273054889',
                 'name': '实验1班',
                 'studentlimit': 58,
                 'studentnumber': 0,
                 'teacherlist': []}]}</msg>
<msg timestamp="20190624 11:28:50.008" level="INFO">${ret2} = {'gradeid': 1, 'retlist': [{'name': '实验1班', 'grade__name': '七年级', 'invitecode': '1560273054889', 'studentlimit': 58, 'studentnumber': 0, 'id': 156027, 'teacherlist': []}], 'retcode': 0}</msg>
<status status="PASS" starttime="20190624 11:28:49.913" endtime="20190624 11:28:50.008"></status>
</kw>
<kw name="Log To Console" library="BuiltIn">
<doc>Logs the given message to the console.</doc>
<arguments>
<arg>${ret2}</arg>
</arguments>
<status status="PASS" starttime="20190624 11:28:50.008" endtime="20190624 11:28:50.009"></status>
</kw>
<kw name="Evaluate" library="BuiltIn">
<doc>Evaluates the given expression in Python and returns the results.</doc>
<arguments>
<arg>$ret2['retlist'][0]</arg>
</arguments>
<assign>
<var>${fc}</var>
</assign>
<msg timestamp="20190624 11:28:50.010" level="INFO">${fc} = {'name': '实验1班', 'grade__name': '七年级', 'invitecode': '1560273054889', 'studentlimit': 58, 'studentnumber': 0, 'id': 156027, 'teacherlist': []}</msg>
<status status="PASS" starttime="20190624 11:28:50.010" endtime="20190624 11:28:50.010"></status>
</kw>
<kw name="Should Be True" library="BuiltIn">
<doc>Fails if the given condition is not true.</doc>
<arguments>
<arg>$fc['id']==$ret1['id']</arg>
</arguments>
<status status="PASS" starttime="20190624 11:28:50.011" endtime="20190624 11:28:50.011"></status>
</kw>
<kw name="Should Be True" library="BuiltIn">
<doc>Fails if the given condition is not true.</doc>
<arguments>
<arg>$fc['invitecode']==$ret1['invitecode']</arg>
</arguments>
<status status="PASS" starttime="20190624 11:28:50.012" endtime="20190624 11:28:50.013"></status>
</kw>
<kw name="Should Be True" library="BuiltIn">
<doc>Fails if the given condition is not true.</doc>
<arguments>
<arg>$fc['grade__name']=='七年级'</arg>
</arguments>
<status status="PASS" starttime="20190624 11:28:50.013" endtime="20190624 11:28:50.013"></status>
</kw>
<kw name="Should Be True" library="BuiltIn">
<doc>Fails if the given condition is not true.</doc>
<arguments>
<arg>$fc['studentlimit']==58</arg>
</arguments>
<status status="PASS" starttime="20190624 11:28:50.014" endtime="20190624 11:28:50.014"></status>
</kw>
<kw name="Should Be True" library="BuiltIn">
<doc>Fails if the given condition is not true.</doc>
<arguments>
<arg>$fc['name']=='实验1班'</arg>
</arguments>
<status status="PASS" starttime="20190624 11:28:50.015" endtime="20190624 11:28:50.015"></status>
</kw>
<kw name="Deleterclass" library="pylib.Courselib" type="teardown">
<arguments>
<arg>&amp;{ret1}[id]</arg>
</arguments>
<msg timestamp="20190624 11:28:50.108" level="INFO">{'retcode': 0}</msg>
<status status="PASS" starttime="20190624 11:28:50.016" endtime="20190624 11:28:50.109"></status>
</kw>
<status status="PASS" starttime="20190624 11:28:49.808" endtime="20190624 11:28:50.109" critical="yes"></status>
</test>
<status status="PASS" starttime="20190624 11:28:49.805" endtime="20190624 11:28:50.110"></status>
</suite>
<status status="PASS" starttime="20190624 11:28:44.176" endtime="20190624 11:28:50.113"></status>
</suite>
<status status="PASS" starttime="20190624 11:28:44.153" endtime="20190624 11:28:50.115"></status>
</suite>
<statistics>
<total>
<stat pass="10" fail="0">Critical Tests</stat>
<stat pass="10" fail="0">All Tests</stat>
</total>
<tag>
</tag>
<suite>
<stat pass="10" fail="0" id="s1" name="Web">Web</stat>
<stat pass="10" fail="0" id="s1-s1" name="Dl 空白数据">Web.Dl 空白数据</stat>
<stat pass="9" fail="0" id="s1-s1-s1" name="Dl 实验2班">Web.Dl 空白数据.Dl 实验2班</stat>
<stat pass="1" fail="0" id="s1-s1-s1-s1" name="Dl 毕老师">Web.Dl 空白数据.Dl 实验2班.Dl 毕老师</stat>
<stat pass="1" fail="0" id="s1-s1-s1-s1-s1" name="老师管理">Web.Dl 空白数据.Dl 实验2班.Dl 毕老师.老师管理</stat>
<stat pass="1" fail="0" id="s1-s1-s1-s2" name="添加老师">Web.Dl 空白数据.Dl 实验2班.添加老师</stat>
<stat pass="7" fail="0" id="s1-s1-s1-s3" name="班级管理">Web.Dl 空白数据.Dl 实验2班.班级管理</stat>
<stat pass="1" fail="0" id="s1-s1-s2" name="添加班级">Web.Dl 空白数据.添加班级</stat>
</suite>
</statistics>
<errors>
</errors>
</robot>
